Arguments: 
  /Users/apple/.nvm/versions/node/v16.14.2/bin/node /Users/apple/.nvm/versions/node/v16.14.2/bin/yarn install v1.22.19

PATH: 
  /Users/apple/.rvm/gems/ruby-2.5.1/bin:/Users/apple/.rvm/gems/ruby-2.5.1@global/bin:/Users/apple/.rvm/rubies/ruby-2.5.1/bin:/Users/apple/.rbenv/shims:/Users/apple/.rbenv/shims:/usr/local/opt/v8@3.15/bin:/usr/local/opt/postgresql@10/bin:/Users/apple/.nvm/versions/node/v16.14.2/bin:/usr/local/bin:/usr/bin:/bin:/usr/sbin:/sbin:/Users/apple/.rvm/gems/ruby-2.5.1/bin:/Users/apple/.rvm/gems/ruby-2.5.1@global/bin:/Users/apple/.rvm/rubies/ruby-2.5.1/bin:/Users/apple/.rbenv/shims:/usr/local/opt/v8@3.15/bin:/usr/local/opt/postgresql@10/bin:/Users/apple/.nvm/versions/node/v16.14.2/bin:/Users/apple/.rvm/bin:/Users/apple/.rvm/bin

Yarn version: 
  1.22.19

Node version: 
  16.14.2

Platform: 
  darwin x64

Trace: 
  SyntaxError: /Users/apple/Desktop/MagpieXYZ/package.json: Unexpected end of JSON input
      at JSON.parse (<anonymous>)
      at /Users/apple/.nvm/versions/node/v16.14.2/lib/node_modules/yarn/lib/cli.js:1629:59
      at Generator.next (<anonymous>)
      at step (/Users/apple/.nvm/versions/node/v16.14.2/lib/node_modules/yarn/lib/cli.js:310:30)
      at /Users/apple/.nvm/versions/node/v16.14.2/lib/node_modules/yarn/lib/cli.js:321:13

npm manifest: 
  {
    "devDependencies": {
      "@nomicfoundation/hardhat-toolbox": "^2.0.2",
      "hardhat": "^2.13.0"
    },
    "dependencies": {
      "alchemy-sdk": "^2.6.1",
      "create-react-app": "^5.0.1",
      "dapp": "^0.0.0",
      "dotenv": "^16.0.3"
    }

yarn manifest: 
  No manifest

Lockfile: 
  No lockfile
